<?xml version="1.0" encoding="UTF-8"?>
<!-- Generated by org.testng.reporters.JUnitReportReporter -->
<testsuite skipped="0" hostname="SHREE" name="read.NewTest" tests="1" failures="0" timestamp="2020-01-22T18:27:32 IST" time="520.774" errors="0">
  <testcase name="logincheck" time="520.774" classname="read.NewTest"/>
</testsuite> <!-- read.NewTest -->
